Copyright 1986-2018 Xilinx, Inc. All Rights Reserved.
------------------------------------------------------------------------------------
| Tool Version : Vivado v.2018.3 (win64) Build 2405991 Thu Dec  6 23:38:27 MST 2018
| Date         : Fri Dec  3 12:29:17 2021
| Host         : DESKTOP-S3B271S running 64-bit major release  (build 9200)
| Command      : upgrade_ip
| Device       : xc7a35tcpg236-1
------------------------------------------------------------------------------------

Upgrade Log for IP 'design_1_myNetworkFilter_0_0'

1. Summary
----------

SUCCESS in the upgrade of design_1_myNetworkFilter_0_0 (xilinx.com:user:myNetworkFilter:1.0) from (Rev. 35) to (Rev. 36)






Copyright 1986-2018 Xilinx, Inc. All Rights Reserved.
------------------------------------------------------------------------------------
| Tool Version : Vivado v.2018.3 (win64) Build 2405991 Thu Dec  6 23:38:27 MST 2018
| Date         : Fri Dec  3 12:10:02 2021
| Host         : DESKTOP-S3B271S running 64-bit major release  (build 9200)
| Command      : upgrade_ip
| Device       : xc7a35tcpg236-1
------------------------------------------------------------------------------------

Upgrade Log for IP 'design_1_myNetworkFilter_0_0'

1. Summary
----------

SUCCESS in the upgrade of design_1_myNetworkFilter_0_0 (xilinx.com:user:myNetworkFilter:1.0) from (Rev. 34) to (Rev. 35)






Copyright 1986-2018 Xilinx, Inc. All Rights Reserved.
------------------------------------------------------------------------------------
| Tool Version : Vivado v.2018.3 (win64) Build 2405991 Thu Dec  6 23:38:27 MST 2018
| Date         : Fri Dec  3 11:50:23 2021
| Host         : DESKTOP-S3B271S running 64-bit major release  (build 9200)
| Command      : upgrade_ip
| Device       : xc7a35tcpg236-1
------------------------------------------------------------------------------------

Upgrade Log for IP 'design_1_myNetworkFilter_0_0'

1. Summary
----------

SUCCESS in the upgrade of design_1_myNetworkFilter_0_0 (xilinx.com:user:myNetworkFilter:1.0) from (Rev. 33) to (Rev. 34)






Copyright 1986-2018 Xilinx, Inc. All Rights Reserved.
------------------------------------------------------------------------------------
| Tool Version : Vivado v.2018.3 (win64) Build 2405991 Thu Dec  6 23:38:27 MST 2018
| Date         : Fri Dec  3 11:33:30 2021
| Host         : DESKTOP-S3B271S running 64-bit major release  (build 9200)
| Command      : upgrade_ip
| Device       : xc7a35tcpg236-1
------------------------------------------------------------------------------------

Upgrade Log for IP 'design_1_myNetworkFilter_0_0'

1. Summary
----------

SUCCESS in the upgrade of design_1_myNetworkFilter_0_0 (xilinx.com:user:myNetworkFilter:1.0) from (Rev. 32) to (Rev. 33)






Copyright 1986-2018 Xilinx, Inc. All Rights Reserved.
------------------------------------------------------------------------------------
| Tool Version : Vivado v.2018.3 (win64) Build 2405991 Thu Dec  6 23:38:27 MST 2018
| Date         : Fri Dec  3 10:46:39 2021
| Host         : DESKTOP-S3B271S running 64-bit major release  (build 9200)
| Command      : upgrade_ip
| Device       : xc7a35tcpg236-1
------------------------------------------------------------------------------------

Upgrade Log for IP 'design_1_myNetworkFilter_0_0'

1. Summary
----------

SUCCESS in the upgrade of design_1_myNetworkFilter_0_0 (xilinx.com:user:myNetworkFilter:1.0) from (Rev. 31) to (Rev. 32)






Copyright 1986-2018 Xilinx, Inc. All Rights Reserved.
------------------------------------------------------------------------------------
| Tool Version : Vivado v.2018.3 (win64) Build 2405991 Thu Dec  6 23:38:27 MST 2018
| Date         : Fri Dec  3 02:03:53 2021
| Host         : DESKTOP-S3B271S running 64-bit major release  (build 9200)
| Command      : upgrade_ip
| Device       : xc7a35tcpg236-1
------------------------------------------------------------------------------------

Upgrade Log for IP 'design_1_myNetworkFilter_0_0'

1. Summary
----------

SUCCESS in the upgrade of design_1_myNetworkFilter_0_0 (xilinx.com:user:myNetworkFilter:1.0) from (Rev. 30) to (Rev. 31)






Copyright 1986-2018 Xilinx, Inc. All Rights Reserved.
------------------------------------------------------------------------------------
| Tool Version : Vivado v.2018.3 (win64) Build 2405991 Thu Dec  6 23:38:27 MST 2018
| Date         : Fri Dec  3 01:58:36 2021
| Host         : DESKTOP-S3B271S running 64-bit major release  (build 9200)
| Command      : upgrade_ip
| Device       : xc7a35tcpg236-1
------------------------------------------------------------------------------------

Upgrade Log for IP 'design_1_myNetworkFilter_0_0'

1. Summary
----------

SUCCESS in the upgrade of design_1_myNetworkFilter_0_0 (xilinx.com:user:myNetworkFilter:1.0) from (Rev. 29) to (Rev. 30)






Copyright 1986-2018 Xilinx, Inc. All Rights Reserved.
------------------------------------------------------------------------------------
| Tool Version : Vivado v.2018.3 (win64) Build 2405991 Thu Dec  6 23:38:27 MST 2018
| Date         : Fri Dec  3 01:52:10 2021
| Host         : DESKTOP-S3B271S running 64-bit major release  (build 9200)
| Command      : upgrade_ip
| Device       : xc7a35tcpg236-1
------------------------------------------------------------------------------------

Upgrade Log for IP 'design_1_myNetworkFilter_0_0'

1. Summary
----------

SUCCESS in the upgrade of design_1_myNetworkFilter_0_0 (xilinx.com:user:myNetworkFilter:1.0) from (Rev. 28) to (Rev. 29)






Copyright 1986-2018 Xilinx, Inc. All Rights Reserved.
------------------------------------------------------------------------------------
| Tool Version : Vivado v.2018.3 (win64) Build 2405991 Thu Dec  6 23:38:27 MST 2018
| Date         : Fri Dec  3 01:47:05 2021
| Host         : DESKTOP-S3B271S running 64-bit major release  (build 9200)
| Command      : upgrade_ip
| Device       : xc7a35tcpg236-1
------------------------------------------------------------------------------------

Upgrade Log for IP 'design_1_myNetworkFilter_0_0'

1. Summary
----------

SUCCESS in the upgrade of design_1_myNetworkFilter_0_0 (xilinx.com:user:myNetworkFilter:1.0) from (Rev. 27) to (Rev. 28)






Copyright 1986-2018 Xilinx, Inc. All Rights Reserved.
------------------------------------------------------------------------------------
| Tool Version : Vivado v.2018.3 (win64) Build 2405991 Thu Dec  6 23:38:27 MST 2018
| Date         : Fri Dec  3 01:43:13 2021
| Host         : DESKTOP-S3B271S running 64-bit major release  (build 9200)
| Command      : upgrade_ip
| Device       : xc7a35tcpg236-1
------------------------------------------------------------------------------------

Upgrade Log for IP 'design_1_myNetworkFilter_0_0'

1. Summary
----------

SUCCESS in the conversion of design_1_myNetworkFilter_0_0 (xilinx.com:user:myNetworkFilter:1.0 (Rev. 27)) to Vivado generation flows.






Copyright 1986-2018 Xilinx, Inc. All Rights Reserved.
------------------------------------------------------------------------------------
| Tool Version : Vivado v.2018.3 (win64) Build 2405991 Thu Dec  6 23:38:27 MST 2018
| Date         : Fri Dec  3 01:37:18 2021
| Host         : DESKTOP-S3B271S running 64-bit major release  (build 9200)
| Command      : upgrade_ip
| Device       : xc7a35tcpg236-1
------------------------------------------------------------------------------------

Upgrade Log for IP 'design_1_myNetworkFilter_0_0'

1. Summary
----------

SUCCESS in the upgrade of design_1_myNetworkFilter_0_0 (xilinx.com:user:myNetworkFilter:1.0) from (Rev. 26) to (Rev. 27)






Copyright 1986-2018 Xilinx, Inc. All Rights Reserved.
------------------------------------------------------------------------------------
| Tool Version : Vivado v.2018.3 (win64) Build 2405991 Thu Dec  6 23:38:27 MST 2018
| Date         : Fri Dec  3 01:28:24 2021
| Host         : DESKTOP-S3B271S running 64-bit major release  (build 9200)
| Command      : upgrade_ip
| Device       : xc7a35tcpg236-1
------------------------------------------------------------------------------------

Upgrade Log for IP 'design_1_myNetworkFilter_0_0'

1. Summary
----------

SUCCESS in the upgrade of design_1_myNetworkFilter_0_0 (xilinx.com:user:myNetworkFilter:1.0) from (Rev. 25) to (Rev. 26)






Copyright 1986-2018 Xilinx, Inc. All Rights Reserved.
------------------------------------------------------------------------------------
| Tool Version : Vivado v.2018.3 (win64) Build 2405991 Thu Dec  6 23:38:27 MST 2018
| Date         : Fri Dec  3 01:17:13 2021
| Host         : DESKTOP-S3B271S running 64-bit major release  (build 9200)
| Command      : upgrade_ip
| Device       : xc7a35tcpg236-1
------------------------------------------------------------------------------------

Upgrade Log for IP 'design_1_myNetworkFilter_0_0'

1. Summary
----------

SUCCESS in the upgrade of design_1_myNetworkFilter_0_0 (xilinx.com:user:myNetworkFilter:1.0) from (Rev. 24) to (Rev. 25)






Copyright 1986-2018 Xilinx, Inc. All Rights Reserved.
------------------------------------------------------------------------------------
| Tool Version : Vivado v.2018.3 (win64) Build 2405991 Thu Dec  6 23:38:27 MST 2018
| Date         : Fri Dec  3 00:58:36 2021
| Host         : DESKTOP-S3B271S running 64-bit major release  (build 9200)
| Command      : upgrade_ip
| Device       : xc7a35tcpg236-1
------------------------------------------------------------------------------------

Upgrade Log for IP 'design_1_myNetworkFilter_0_0'

1. Summary
----------

SUCCESS in the upgrade of design_1_myNetworkFilter_0_0 (xilinx.com:user:myNetworkFilter:1.0) from (Rev. 23) to (Rev. 24)






Copyright 1986-2018 Xilinx, Inc. All Rights Reserved.
------------------------------------------------------------------------------------
| Tool Version : Vivado v.2018.3 (win64) Build 2405991 Thu Dec  6 23:38:27 MST 2018
| Date         : Fri Dec  3 00:44:05 2021
| Host         : DESKTOP-S3B271S running 64-bit major release  (build 9200)
| Command      : upgrade_ip
| Device       : xc7a35tcpg236-1
------------------------------------------------------------------------------------

Upgrade Log for IP 'design_1_myNetworkFilter_0_0'

1. Summary
----------

SUCCESS in the upgrade of design_1_myNetworkFilter_0_0 (xilinx.com:user:myNetworkFilter:1.0) from (Rev. 22) to (Rev. 23)






Copyright 1986-2018 Xilinx, Inc. All Rights Reserved.
------------------------------------------------------------------------------------
| Tool Version : Vivado v.2018.3 (win64) Build 2405991 Thu Dec  6 23:38:27 MST 2018
| Date         : Fri Dec  3 00:42:30 2021
| Host         : DESKTOP-S3B271S running 64-bit major release  (build 9200)
| Command      : upgrade_ip
| Device       : xc7a35tcpg236-1
------------------------------------------------------------------------------------

Upgrade Log for IP 'design_1_myNetworkFilter_0_0'

1. Summary
----------

SUCCESS in the upgrade of design_1_myNetworkFilter_0_0 (xilinx.com:user:myNetworkFilter:1.0) from (Rev. 21) to (Rev. 22)






Copyright 1986-2018 Xilinx, Inc. All Rights Reserved.
------------------------------------------------------------------------------------
| Tool Version : Vivado v.2018.3 (win64) Build 2405991 Thu Dec  6 23:38:27 MST 2018
| Date         : Fri Dec  3 00:28:13 2021
| Host         : DESKTOP-S3B271S running 64-bit major release  (build 9200)
| Command      : upgrade_ip
| Device       : xc7a35tcpg236-1
------------------------------------------------------------------------------------

Upgrade Log for IP 'design_1_myNetworkFilter_0_0'

1. Summary
----------

SUCCESS in the upgrade of design_1_myNetworkFilter_0_0 (xilinx.com:user:myNetworkFilter:1.0) from (Rev. 20) to (Rev. 21)






Copyright 1986-2018 Xilinx, Inc. All Rights Reserved.
------------------------------------------------------------------------------------
| Tool Version : Vivado v.2018.3 (win64) Build 2405991 Thu Dec  6 23:38:27 MST 2018
| Date         : Fri Dec  3 00:13:46 2021
| Host         : DESKTOP-S3B271S running 64-bit major release  (build 9200)
| Command      : upgrade_ip
| Device       : xc7a35tcpg236-1
------------------------------------------------------------------------------------

Upgrade Log for IP 'design_1_myNetworkFilter_0_0'

1. Summary
----------

SUCCESS in the upgrade of design_1_myNetworkFilter_0_0 (xilinx.com:user:myNetworkFilter:1.0) from (Rev. 19) to (Rev. 20)






Copyright 1986-2018 Xilinx, Inc. All Rights Reserved.
------------------------------------------------------------------------------------
| Tool Version : Vivado v.2018.3 (win64) Build 2405991 Thu Dec  6 23:38:27 MST 2018
| Date         : Fri Dec  3 00:05:16 2021
| Host         : DESKTOP-S3B271S running 64-bit major release  (build 9200)
| Command      : upgrade_ip
| Device       : xc7a35tcpg236-1
------------------------------------------------------------------------------------

Upgrade Log for IP 'design_1_myNetworkFilter_0_0'

1. Summary
----------

SUCCESS in the upgrade of design_1_myNetworkFilter_0_0 (xilinx.com:user:myNetworkFilter:1.0) from (Rev. 18) to (Rev. 19)






Copyright 1986-2018 Xilinx, Inc. All Rights Reserved.
------------------------------------------------------------------------------------
| Tool Version : Vivado v.2018.3 (win64) Build 2405991 Thu Dec  6 23:38:27 MST 2018
| Date         : Thu Dec  2 23:54:58 2021
| Host         : DESKTOP-S3B271S running 64-bit major release  (build 9200)
| Command      : upgrade_ip
| Device       : xc7a35tcpg236-1
------------------------------------------------------------------------------------

Upgrade Log for IP 'design_1_myNetworkFilter_0_0'

1. Summary
----------

SUCCESS in the upgrade of design_1_myNetworkFilter_0_0 (xilinx.com:user:myNetworkFilter:1.0) from (Rev. 17) to (Rev. 18)






Copyright 1986-2018 Xilinx, Inc. All Rights Reserved.
------------------------------------------------------------------------------------
| Tool Version : Vivado v.2018.3 (win64) Build 2405991 Thu Dec  6 23:38:27 MST 2018
| Date         : Thu Dec  2 23:41:03 2021
| Host         : DESKTOP-S3B271S running 64-bit major release  (build 9200)
| Command      : upgrade_ip
| Device       : xc7a35tcpg236-1
------------------------------------------------------------------------------------

Upgrade Log for IP 'design_1_myNetworkFilter_0_0'

1. Summary
----------

SUCCESS in the upgrade of design_1_myNetworkFilter_0_0 (xilinx.com:user:myNetworkFilter:1.0) from (Rev. 16) to (Rev. 17)






Copyright 1986-2018 Xilinx, Inc. All Rights Reserved.
------------------------------------------------------------------------------------
| Tool Version : Vivado v.2018.3 (win64) Build 2405991 Thu Dec  6 23:38:27 MST 2018
| Date         : Thu Dec  2 23:33:20 2021
| Host         : DESKTOP-S3B271S running 64-bit major release  (build 9200)
| Command      : upgrade_ip
| Device       : xc7a35tcpg236-1
------------------------------------------------------------------------------------

Upgrade Log for IP 'design_1_myNetworkFilter_0_0'

1. Summary
----------

SUCCESS in the upgrade of design_1_myNetworkFilter_0_0 (xilinx.com:user:myNetworkFilter:1.0) from (Rev. 15) to (Rev. 16)

