20:46:58 INFO  : Registering command handlers for SDK TCF services
20:46:59 INFO  : Launching XSCT server: xsct.bat -interactive C:\Users\Andrea\Desktop\SPIswitch\SPIswitch.sdk\temp_xsdb_launch_script.tcl
20:47:03 INFO  : XSCT server has started successfully.
20:47:07 INFO  : Successfully done setting XSCT server connection channel  
20:47:07 INFO  : Successfully done setting SDK workspace  
20:47:07 INFO  : Processing command line option -hwspec C:/Users/Andrea/Desktop/SPIswitch/SPIswitch.sdk/design_1_wrapper.hdf.
20:49:09 INFO  : 'targets -set -filter {jtag_cable_name =~ "Digilent Basys3 210183AA12C7A" && level==0} -index 0' command is executed.
20:49:09 INFO  : 'fpga -state' command is executed.
20:49:09 INFO  : Connected to target on host '127.0.0.1' and port '3121'.
20:49:09 INFO  : Jtag cable 'Digilent Basys3 210183AA12C7A' is selected.
20:49:09 INFO  : 'jtag frequency' command is executed.
20:49:09 INFO  : 'configparams mdm-detect-bscan-mask 2' command is executed.
20:49:09 INFO  : Context for processor 'microblaze_0' is selected.
20:49:09 INFO  : Processor reset is completed for 'microblaze_0'.
20:49:10 INFO  : Context for processor 'microblaze_0' is selected.
20:49:10 INFO  : The application 'C:/Users/Andrea/Desktop/SPIswitch/SPIswitch.sdk/SPISwitch/Debug/SPISwitch.elf' is downloaded to processor 'microblaze_0'.
20:49:10 INFO  : ----------------XSDB Script----------------
connect -url tcp:127.0.0.1:3121
configparams mdm-detect-bscan-mask 2
targets -set -nocase -filter {name =~ "microblaze*#0" && bscan=="USER2"  && jtag_cable_name =~ "Digilent Basys3 210183AA12C7A"} -index 0
rst -processor
targets -set -nocase -filter {name =~ "microblaze*#0" && bscan=="USER2"  && jtag_cable_name =~ "Digilent Basys3 210183AA12C7A"} -index 0
dow C:/Users/Andrea/Desktop/SPIswitch/SPIswitch.sdk/SPISwitch/Debug/SPISwitch.elf
----------------End of Script----------------

20:49:10 INFO  : Memory regions updated for context MicroBlaze #0
20:49:10 INFO  : Memory regions updated for context MicroBlaze #0
20:49:10 INFO  : Context for processor 'microblaze_0' is selected.
20:49:10 INFO  : 'con' command is executed.
20:49:10 INFO  : ----------------XSDB Script (After Launch)----------------
targets -set -nocase -filter {name =~ "microblaze*#0" && bscan=="USER2"  && jtag_cable_name =~ "Digilent Basys3 210183AA12C7A"} -index 0
con
----------------End of Script----------------

20:49:10 INFO  : Launch script is exported to file 'C:\Users\Andrea\Desktop\SPIswitch\SPIswitch.sdk\.sdk\launch_scripts\xilinx_c-c++_application_(system_debugger)\system_debugger_using_debug_spiswitch.elf_on_local.tcl'
20:49:30 INFO  : Connected to target on host '127.0.0.1' and port '3121'.
20:49:30 INFO  : 'targets -set -filter {jtag_cable_name =~ "Digilent Basys3 210183AA12C7A" && level==0} -index 0' command is executed.
20:49:31 INFO  : FPGA configured successfully with bitstream "C:/Users/Andrea/Desktop/SPIswitch/SPIswitch.sdk/design_1_wrapper_hw_platform_0/download.bit"
20:51:43 INFO  : Disconnected from the channel tcfchan#1.
20:51:44 INFO  : 'targets -set -filter {jtag_cable_name =~ "Digilent Basys3 210183AA12C7A" && level==0} -index 0' command is executed.
20:51:44 INFO  : 'fpga -state' command is executed.
20:51:44 INFO  : Connected to target on host '127.0.0.1' and port '3121'.
20:51:44 INFO  : Jtag cable 'Digilent Basys3 210183AA12C7A' is selected.
20:51:44 INFO  : 'jtag frequency' command is executed.
20:51:44 INFO  : 'configparams mdm-detect-bscan-mask 2' command is executed.
20:51:45 INFO  : Context for processor 'microblaze_0' is selected.
20:51:45 INFO  : Processor reset is completed for 'microblaze_0'.
20:51:45 INFO  : Context for processor 'microblaze_0' is selected.
20:51:45 INFO  : The application 'C:/Users/Andrea/Desktop/SPIswitch/SPIswitch.sdk/SPISwitch/Debug/SPISwitch.elf' is downloaded to processor 'microblaze_0'.
20:51:45 INFO  : ----------------XSDB Script----------------
connect -url tcp:127.0.0.1:3121
configparams mdm-detect-bscan-mask 2
targets -set -nocase -filter {name =~ "microblaze*#0" && bscan=="USER2"  && jtag_cable_name =~ "Digilent Basys3 210183AA12C7A"} -index 0
rst -processor
targets -set -nocase -filter {name =~ "microblaze*#0" && bscan=="USER2"  && jtag_cable_name =~ "Digilent Basys3 210183AA12C7A"} -index 0
dow C:/Users/Andrea/Desktop/SPIswitch/SPIswitch.sdk/SPISwitch/Debug/SPISwitch.elf
----------------End of Script----------------

20:51:45 INFO  : Memory regions updated for context MicroBlaze #0
20:51:45 INFO  : Memory regions updated for context MicroBlaze #0
20:51:45 INFO  : Context for processor 'microblaze_0' is selected.
20:51:45 INFO  : 'con' command is executed.
20:51:45 INFO  : ----------------XSDB Script (After Launch)----------------
targets -set -nocase -filter {name =~ "microblaze*#0" && bscan=="USER2"  && jtag_cable_name =~ "Digilent Basys3 210183AA12C7A"} -index 0
con
----------------End of Script----------------

20:51:45 INFO  : Launch script is exported to file 'C:\Users\Andrea\Desktop\SPIswitch\SPIswitch.sdk\.sdk\launch_scripts\xilinx_c-c++_application_(system_debugger)\system_debugger_using_debug_spiswitch.elf_on_local.tcl'
23:56:06 INFO  : Disconnected from the channel tcfchan#2.
08:59:56 INFO  : Registering command handlers for SDK TCF services
08:59:57 INFO  : Launching XSCT server: xsct.bat -interactive C:\Users\Andrea\Desktop\SPIswitch\SPIswitch.sdk\temp_xsdb_launch_script.tcl
09:00:01 INFO  : XSCT server has started successfully.
09:00:01 INFO  : Successfully done setting XSCT server connection channel  
09:00:01 INFO  : Successfully done setting SDK workspace  
09:00:01 INFO  : Processing command line option -hwspec C:/Users/Andrea/Desktop/SPIswitch/SPIswitch.sdk/design_1_wrapper.hdf.
09:00:01 INFO  : Checking for hwspec changes in the project design_1_wrapper_hw_platform_0.
10:19:47 INFO  : SDK has detected change in the last modified timestamps for source hardware specification file Source:1638289157030,  Project:1637720546601
10:19:47 INFO  : Project design_1_wrapper_hw_platform_0's source hardware specification located at C:/Users/Andrea/Desktop/SPIswitch/SPIswitch.sdk/design_1_wrapper.hdf is now different from the local copy.
		 The local copy will be replaced with the source specification and your workspace will be updated.
10:19:49 INFO  : Copied contents of C:/Users/Andrea/Desktop/SPIswitch/SPIswitch.sdk/design_1_wrapper.hdf into \design_1_wrapper_hw_platform_0\system.hdf.
10:19:50 INFO  : Synchronizing projects in the workspace with the hardware platform specification changes.
10:19:54 INFO  : 
10:19:55 INFO  : Updating hardware inferred compiler options for SPISwitch.
10:19:55 INFO  : Clearing existing target manager status.
10:26:47 INFO  : Connected to target on host '127.0.0.1' and port '3121'.
10:26:49 INFO  : 'targets -set -filter {jtag_cable_name =~ "Digilent Basys3 210183AA12C7A" && level==0} -index 0' command is executed.
10:26:51 INFO  : FPGA configured successfully with bitstream "C:/Users/Andrea/Desktop/SPIswitch/SPIswitch.sdk/design_1_wrapper_hw_platform_0/download.bit"
10:27:02 INFO  : 'targets -set -filter {jtag_cable_name =~ "Digilent Basys3 210183AA12C7A" && level==0} -index 0' command is executed.
10:27:02 INFO  : 'fpga -state' command is executed.
10:27:02 INFO  : Connected to target on host '127.0.0.1' and port '3121'.
10:27:02 INFO  : Jtag cable 'Digilent Basys3 210183AA12C7A' is selected.
10:27:02 INFO  : 'jtag frequency' command is executed.
10:27:02 INFO  : 'configparams mdm-detect-bscan-mask 2' command is executed.
10:27:02 INFO  : Context for processor 'microblaze_0' is selected.
10:27:02 INFO  : Processor reset is completed for 'microblaze_0'.
10:27:02 INFO  : Context for processor 'microblaze_0' is selected.
10:27:02 INFO  : The application 'C:/Users/Andrea/Desktop/SPIswitch/SPIswitch.sdk/SPISwitch/Debug/SPISwitch.elf' is downloaded to processor 'microblaze_0'.
10:27:02 INFO  : ----------------XSDB Script----------------
connect -url tcp:127.0.0.1:3121
configparams mdm-detect-bscan-mask 2
targets -set -nocase -filter {name =~ "microblaze*#0" && bscan=="USER2"  && jtag_cable_name =~ "Digilent Basys3 210183AA12C7A"} -index 0
rst -processor
targets -set -nocase -filter {name =~ "microblaze*#0" && bscan=="USER2"  && jtag_cable_name =~ "Digilent Basys3 210183AA12C7A"} -index 0
dow C:/Users/Andrea/Desktop/SPIswitch/SPIswitch.sdk/SPISwitch/Debug/SPISwitch.elf
----------------End of Script----------------

10:27:02 INFO  : Memory regions updated for context MicroBlaze #0
10:27:02 INFO  : Memory regions updated for context MicroBlaze #0
10:27:02 INFO  : Context for processor 'microblaze_0' is selected.
10:27:02 INFO  : 'con' command is executed.
10:27:02 INFO  : ----------------XSDB Script (After Launch)----------------
targets -set -nocase -filter {name =~ "microblaze*#0" && bscan=="USER2"  && jtag_cable_name =~ "Digilent Basys3 210183AA12C7A"} -index 0
con
----------------End of Script----------------

10:27:02 INFO  : Launch script is exported to file 'C:\Users\Andrea\Desktop\SPIswitch\SPIswitch.sdk\.sdk\launch_scripts\xilinx_c-c++_application_(system_debugger)\system_debugger_using_debug_spiswitch.elf_on_local.tcl'
10:27:26 INFO  : Disconnected from the channel tcfchan#1.
10:27:27 INFO  : 'targets -set -filter {jtag_cable_name =~ "Digilent Basys3 210183AA12C7A" && level==0} -index 0' command is executed.
10:27:27 INFO  : 'fpga -state' command is executed.
10:27:27 INFO  : Connected to target on host '127.0.0.1' and port '3121'.
10:27:27 INFO  : Jtag cable 'Digilent Basys3 210183AA12C7A' is selected.
10:27:27 INFO  : 'jtag frequency' command is executed.
10:27:27 INFO  : 'configparams mdm-detect-bscan-mask 2' command is executed.
10:27:27 INFO  : Context for processor 'microblaze_0' is selected.
10:27:27 INFO  : Processor reset is completed for 'microblaze_0'.
10:27:27 INFO  : Context for processor 'microblaze_0' is selected.
10:27:28 INFO  : The application 'C:/Users/Andrea/Desktop/SPIswitch/SPIswitch.sdk/SPISwitch/Debug/SPISwitch.elf' is downloaded to processor 'microblaze_0'.
10:27:28 INFO  : ----------------XSDB Script----------------
connect -url tcp:127.0.0.1:3121
configparams mdm-detect-bscan-mask 2
targets -set -nocase -filter {name =~ "microblaze*#0" && bscan=="USER2"  && jtag_cable_name =~ "Digilent Basys3 210183AA12C7A"} -index 0
rst -processor
targets -set -nocase -filter {name =~ "microblaze*#0" && bscan=="USER2"  && jtag_cable_name =~ "Digilent Basys3 210183AA12C7A"} -index 0
dow C:/Users/Andrea/Desktop/SPIswitch/SPIswitch.sdk/SPISwitch/Debug/SPISwitch.elf
----------------End of Script----------------

10:27:28 INFO  : Memory regions updated for context MicroBlaze #0
10:27:28 INFO  : Memory regions updated for context MicroBlaze #0
10:27:28 INFO  : Context for processor 'microblaze_0' is selected.
10:27:28 INFO  : 'con' command is executed.
10:27:28 INFO  : ----------------XSDB Script (After Launch)----------------
targets -set -nocase -filter {name =~ "microblaze*#0" && bscan=="USER2"  && jtag_cable_name =~ "Digilent Basys3 210183AA12C7A"} -index 0
con
----------------End of Script----------------

10:27:28 INFO  : Launch script is exported to file 'C:\Users\Andrea\Desktop\SPIswitch\SPIswitch.sdk\.sdk\launch_scripts\xilinx_c-c++_application_(system_debugger)\system_debugger_using_debug_spiswitch.elf_on_local.tcl'
10:28:10 INFO  : Disconnected from the channel tcfchan#2.
10:28:11 INFO  : 'targets -set -filter {jtag_cable_name =~ "Digilent Basys3 210183AA12C7A" && level==0} -index 0' command is executed.
10:28:11 INFO  : 'fpga -state' command is executed.
10:28:11 INFO  : Connected to target on host '127.0.0.1' and port '3121'.
10:28:11 INFO  : ----------------XSDB Script----------------
connect -url tcp:127.0.0.1:3121
----------------End of Script----------------

10:28:38 INFO  : 'targets -set -filter {jtag_cable_name =~ "Digilent Basys3 210183AA12C7A" && level==0} -index 0' command is executed.
10:28:38 INFO  : 'fpga -state' command is executed.
10:28:38 INFO  : Connected to target on host '127.0.0.1' and port '3121'.
10:28:38 INFO  : Jtag cable 'Digilent Basys3 210183AA12C7A' is selected.
10:28:38 INFO  : 'jtag frequency' command is executed.
10:28:38 INFO  : 'configparams mdm-detect-bscan-mask 2' command is executed.
10:28:38 INFO  : Context for processor 'microblaze_0' is selected.
10:28:38 INFO  : Processor reset is completed for 'microblaze_0'.
10:28:38 INFO  : Context for processor 'microblaze_0' is selected.
10:28:38 INFO  : The application 'C:/Users/Andrea/Desktop/SPIswitch/SPIswitch.sdk/SPISwitch/Debug/SPISwitch.elf' is downloaded to processor 'microblaze_0'.
10:28:38 INFO  : ----------------XSDB Script----------------
connect -url tcp:127.0.0.1:3121
configparams mdm-detect-bscan-mask 2
targets -set -nocase -filter {name =~ "microblaze*#0" && bscan=="USER2"  && jtag_cable_name =~ "Digilent Basys3 210183AA12C7A"} -index 0
rst -processor
targets -set -nocase -filter {name =~ "microblaze*#0" && bscan=="USER2"  && jtag_cable_name =~ "Digilent Basys3 210183AA12C7A"} -index 0
dow C:/Users/Andrea/Desktop/SPIswitch/SPIswitch.sdk/SPISwitch/Debug/SPISwitch.elf
----------------End of Script----------------

10:28:38 INFO  : Memory regions updated for context MicroBlaze #0
10:28:38 INFO  : Memory regions updated for context MicroBlaze #0
10:28:38 INFO  : Context for processor 'microblaze_0' is selected.
10:28:38 INFO  : 'con' command is executed.
10:28:38 INFO  : ----------------XSDB Script (After Launch)----------------
targets -set -nocase -filter {name =~ "microblaze*#0" && bscan=="USER2"  && jtag_cable_name =~ "Digilent Basys3 210183AA12C7A"} -index 0
con
----------------End of Script----------------

10:28:38 INFO  : Launch script is exported to file 'C:\Users\Andrea\Desktop\SPIswitch\SPIswitch.sdk\.sdk\launch_scripts\xilinx_c-c++_application_(system_debugger)\system_debugger_using_debug_spiswitch.elf_on_local.tcl'
10:30:47 INFO  : Disconnected from the channel tcfchan#3.
10:30:48 INFO  : 'targets -set -filter {jtag_cable_name =~ "Digilent Basys3 210183AA12C7A" && level==0} -index 0' command is executed.
10:30:48 INFO  : 'fpga -state' command is executed.
10:30:48 INFO  : Connected to target on host '127.0.0.1' and port '3121'.
10:30:48 INFO  : Jtag cable 'Digilent Basys3 210183AA12C7A' is selected.
10:30:48 INFO  : 'jtag frequency' command is executed.
10:30:48 INFO  : 'configparams mdm-detect-bscan-mask 2' command is executed.
10:30:48 INFO  : Context for processor 'microblaze_0' is selected.
10:30:48 INFO  : Processor reset is completed for 'microblaze_0'.
10:30:48 INFO  : Context for processor 'microblaze_0' is selected.
10:30:48 INFO  : The application 'C:/Users/Andrea/Desktop/SPIswitch/SPIswitch.sdk/SPISwitch/Debug/SPISwitch.elf' is downloaded to processor 'microblaze_0'.
10:30:48 INFO  : ----------------XSDB Script----------------
connect -url tcp:127.0.0.1:3121
configparams mdm-detect-bscan-mask 2
targets -set -nocase -filter {name =~ "microblaze*#0" && bscan=="USER2"  && jtag_cable_name =~ "Digilent Basys3 210183AA12C7A"} -index 0
rst -processor
targets -set -nocase -filter {name =~ "microblaze*#0" && bscan=="USER2"  && jtag_cable_name =~ "Digilent Basys3 210183AA12C7A"} -index 0
dow C:/Users/Andrea/Desktop/SPIswitch/SPIswitch.sdk/SPISwitch/Debug/SPISwitch.elf
----------------End of Script----------------

10:30:48 INFO  : Memory regions updated for context MicroBlaze #0
10:30:48 INFO  : Memory regions updated for context MicroBlaze #0
10:30:48 INFO  : Context for processor 'microblaze_0' is selected.
10:30:48 INFO  : 'con' command is executed.
10:30:48 INFO  : ----------------XSDB Script (After Launch)----------------
targets -set -nocase -filter {name =~ "microblaze*#0" && bscan=="USER2"  && jtag_cable_name =~ "Digilent Basys3 210183AA12C7A"} -index 0
con
----------------End of Script----------------

10:30:48 INFO  : Launch script is exported to file 'C:\Users\Andrea\Desktop\SPIswitch\SPIswitch.sdk\.sdk\launch_scripts\xilinx_c-c++_application_(system_debugger)\system_debugger_using_debug_spiswitch.elf_on_local.tcl'
10:32:04 INFO  : Disconnected from the channel tcfchan#4.
10:32:05 INFO  : 'targets -set -filter {jtag_cable_name =~ "Digilent Basys3 210183AA12C7A" && level==0} -index 0' command is executed.
10:32:05 INFO  : 'fpga -state' command is executed.
10:32:05 INFO  : Connected to target on host '127.0.0.1' and port '3121'.
10:32:05 INFO  : Jtag cable 'Digilent Basys3 210183AA12C7A' is selected.
10:32:05 INFO  : 'jtag frequency' command is executed.
10:32:05 INFO  : 'configparams mdm-detect-bscan-mask 2' command is executed.
10:32:05 INFO  : Context for processor 'microblaze_0' is selected.
10:32:05 INFO  : Processor reset is completed for 'microblaze_0'.
10:32:05 INFO  : Context for processor 'microblaze_0' is selected.
10:32:05 INFO  : The application 'C:/Users/Andrea/Desktop/SPIswitch/SPIswitch.sdk/SPISwitch/Debug/SPISwitch.elf' is downloaded to processor 'microblaze_0'.
10:32:05 INFO  : ----------------XSDB Script----------------
connect -url tcp:127.0.0.1:3121
configparams mdm-detect-bscan-mask 2
targets -set -nocase -filter {name =~ "microblaze*#0" && bscan=="USER2"  && jtag_cable_name =~ "Digilent Basys3 210183AA12C7A"} -index 0
rst -processor
targets -set -nocase -filter {name =~ "microblaze*#0" && bscan=="USER2"  && jtag_cable_name =~ "Digilent Basys3 210183AA12C7A"} -index 0
dow C:/Users/Andrea/Desktop/SPIswitch/SPIswitch.sdk/SPISwitch/Debug/SPISwitch.elf
----------------End of Script----------------

10:32:05 INFO  : Memory regions updated for context MicroBlaze #0
10:32:05 INFO  : Memory regions updated for context MicroBlaze #0
10:32:05 INFO  : Context for processor 'microblaze_0' is selected.
10:32:05 INFO  : 'con' command is executed.
10:32:05 INFO  : ----------------XSDB Script (After Launch)----------------
targets -set -nocase -filter {name =~ "microblaze*#0" && bscan=="USER2"  && jtag_cable_name =~ "Digilent Basys3 210183AA12C7A"} -index 0
con
----------------End of Script----------------

10:32:05 INFO  : Launch script is exported to file 'C:\Users\Andrea\Desktop\SPIswitch\SPIswitch.sdk\.sdk\launch_scripts\xilinx_c-c++_application_(system_debugger)\system_debugger_using_debug_spiswitch.elf_on_local.tcl'
10:34:02 INFO  : Disconnected from the channel tcfchan#5.
10:34:03 INFO  : 'targets -set -filter {jtag_cable_name =~ "Digilent Basys3 210183AA12C7A" && level==0} -index 0' command is executed.
10:34:03 INFO  : 'fpga -state' command is executed.
10:34:03 INFO  : Connected to target on host '127.0.0.1' and port '3121'.
10:34:04 INFO  : Jtag cable 'Digilent Basys3 210183AA12C7A' is selected.
10:34:04 INFO  : 'jtag frequency' command is executed.
10:34:04 INFO  : 'configparams mdm-detect-bscan-mask 2' command is executed.
10:34:04 INFO  : Context for processor 'microblaze_0' is selected.
10:34:04 INFO  : Processor reset is completed for 'microblaze_0'.
10:34:04 INFO  : Context for processor 'microblaze_0' is selected.
10:34:04 INFO  : The application 'C:/Users/Andrea/Desktop/SPIswitch/SPIswitch.sdk/SPISwitch/Debug/SPISwitch.elf' is downloaded to processor 'microblaze_0'.
10:34:04 INFO  : ----------------XSDB Script----------------
connect -url tcp:127.0.0.1:3121
configparams mdm-detect-bscan-mask 2
targets -set -nocase -filter {name =~ "microblaze*#0" && bscan=="USER2"  && jtag_cable_name =~ "Digilent Basys3 210183AA12C7A"} -index 0
rst -processor
targets -set -nocase -filter {name =~ "microblaze*#0" && bscan=="USER2"  && jtag_cable_name =~ "Digilent Basys3 210183AA12C7A"} -index 0
dow C:/Users/Andrea/Desktop/SPIswitch/SPIswitch.sdk/SPISwitch/Debug/SPISwitch.elf
----------------End of Script----------------

10:34:04 INFO  : Memory regions updated for context MicroBlaze #0
10:34:04 INFO  : Memory regions updated for context MicroBlaze #0
10:34:04 INFO  : Context for processor 'microblaze_0' is selected.
10:34:04 INFO  : 'con' command is executed.
10:34:04 INFO  : ----------------XSDB Script (After Launch)----------------
targets -set -nocase -filter {name =~ "microblaze*#0" && bscan=="USER2"  && jtag_cable_name =~ "Digilent Basys3 210183AA12C7A"} -index 0
con
----------------End of Script----------------

10:34:04 INFO  : Launch script is exported to file 'C:\Users\Andrea\Desktop\SPIswitch\SPIswitch.sdk\.sdk\launch_scripts\xilinx_c-c++_application_(system_debugger)\system_debugger_using_debug_spiswitch.elf_on_local.tcl'
13:33:42 INFO  : SDK has detected change in the last modified timestamps for source hardware specification file Source:1638300793726,  Project:1638289157030
13:33:42 INFO  : Project design_1_wrapper_hw_platform_0's source hardware specification located at C:/Users/Andrea/Desktop/SPIswitch/SPIswitch.sdk/design_1_wrapper.hdf is now different from the local copy.
		 The local copy will be replaced with the source specification and your workspace will be updated.
13:33:46 INFO  : Copied contents of C:/Users/Andrea/Desktop/SPIswitch/SPIswitch.sdk/design_1_wrapper.hdf into \design_1_wrapper_hw_platform_0\system.hdf.
13:33:46 INFO  : Synchronizing projects in the workspace with the hardware platform specification changes.
13:33:48 INFO  : 
13:33:49 INFO  : Updating hardware inferred compiler options for SPISwitch.
13:33:49 INFO  : Clearing existing target manager status.
13:35:16 INFO  : Connected to target on host '127.0.0.1' and port '3121'.
13:35:16 INFO  : 'targets -set -filter {jtag_cable_name =~ "Digilent Basys3 210183AA12C7A" && level==0} -index 0' command is executed.
13:35:18 INFO  : FPGA configured successfully with bitstream "C:/Users/Andrea/Desktop/SPIswitch/SPIswitch.sdk/design_1_wrapper_hw_platform_0/download.bit"
13:39:43 INFO  : Disconnected from the channel tcfchan#6.
13:39:44 INFO  : 'targets -set -filter {jtag_cable_name =~ "Digilent Basys3 210183AA12C7A" && level==0} -index 0' command is executed.
13:39:44 INFO  : 'fpga -state' command is executed.
13:39:44 INFO  : Connected to target on host '127.0.0.1' and port '3121'.
13:39:44 INFO  : Jtag cable 'Digilent Basys3 210183AA12C7A' is selected.
13:39:44 INFO  : 'jtag frequency' command is executed.
13:39:44 INFO  : 'configparams mdm-detect-bscan-mask 2' command is executed.
13:39:44 INFO  : Context for processor 'microblaze_0' is selected.
13:39:44 INFO  : Processor reset is completed for 'microblaze_0'.
13:39:44 INFO  : Context for processor 'microblaze_0' is selected.
13:39:44 INFO  : The application 'C:/Users/Andrea/Desktop/SPIswitch/SPIswitch.sdk/SPISwitch/Debug/SPISwitch.elf' is downloaded to processor 'microblaze_0'.
13:39:44 INFO  : ----------------XSDB Script----------------
connect -url tcp:127.0.0.1:3121
configparams mdm-detect-bscan-mask 2
targets -set -nocase -filter {name =~ "microblaze*#0" && bscan=="USER2"  && jtag_cable_name =~ "Digilent Basys3 210183AA12C7A"} -index 0
rst -processor
targets -set -nocase -filter {name =~ "microblaze*#0" && bscan=="USER2"  && jtag_cable_name =~ "Digilent Basys3 210183AA12C7A"} -index 0
dow C:/Users/Andrea/Desktop/SPIswitch/SPIswitch.sdk/SPISwitch/Debug/SPISwitch.elf
----------------End of Script----------------

13:39:44 INFO  : Memory regions updated for context MicroBlaze #0
13:39:44 INFO  : Memory regions updated for context MicroBlaze #0
13:39:44 INFO  : Context for processor 'microblaze_0' is selected.
13:39:44 INFO  : 'con' command is executed.
13:39:44 INFO  : ----------------XSDB Script (After Launch)----------------
targets -set -nocase -filter {name =~ "microblaze*#0" && bscan=="USER2"  && jtag_cable_name =~ "Digilent Basys3 210183AA12C7A"} -index 0
con
----------------End of Script----------------

13:39:44 INFO  : Launch script is exported to file 'C:\Users\Andrea\Desktop\SPIswitch\SPIswitch.sdk\.sdk\launch_scripts\xilinx_c-c++_application_(system_debugger)\system_debugger_using_debug_spiswitch.elf_on_local.tcl'
13:40:06 INFO  : Disconnected from the channel tcfchan#7.
13:40:08 INFO  : 'targets -set -filter {jtag_cable_name =~ "Digilent Basys3 210183AA12C7A" && level==0} -index 0' command is executed.
13:40:08 INFO  : 'fpga -state' command is executed.
13:40:08 INFO  : Connected to target on host '127.0.0.1' and port '3121'.
13:40:08 INFO  : Jtag cable 'Digilent Basys3 210183AA12C7A' is selected.
13:40:08 INFO  : 'jtag frequency' command is executed.
13:40:08 INFO  : 'configparams mdm-detect-bscan-mask 2' command is executed.
13:40:08 INFO  : Context for processor 'microblaze_0' is selected.
13:40:08 INFO  : Processor reset is completed for 'microblaze_0'.
13:40:08 INFO  : Context for processor 'microblaze_0' is selected.
13:40:08 INFO  : The application 'C:/Users/Andrea/Desktop/SPIswitch/SPIswitch.sdk/SPISwitch/Debug/SPISwitch.elf' is downloaded to processor 'microblaze_0'.
13:40:08 INFO  : ----------------XSDB Script----------------
connect -url tcp:127.0.0.1:3121
configparams mdm-detect-bscan-mask 2
targets -set -nocase -filter {name =~ "microblaze*#0" && bscan=="USER2"  && jtag_cable_name =~ "Digilent Basys3 210183AA12C7A"} -index 0
rst -processor
targets -set -nocase -filter {name =~ "microblaze*#0" && bscan=="USER2"  && jtag_cable_name =~ "Digilent Basys3 210183AA12C7A"} -index 0
dow C:/Users/Andrea/Desktop/SPIswitch/SPIswitch.sdk/SPISwitch/Debug/SPISwitch.elf
----------------End of Script----------------

13:40:08 INFO  : Memory regions updated for context MicroBlaze #0
13:40:08 INFO  : Memory regions updated for context MicroBlaze #0
13:40:08 INFO  : Context for processor 'microblaze_0' is selected.
13:40:08 INFO  : 'con' command is executed.
13:40:08 INFO  : ----------------XSDB Script (After Launch)----------------
targets -set -nocase -filter {name =~ "microblaze*#0" && bscan=="USER2"  && jtag_cable_name =~ "Digilent Basys3 210183AA12C7A"} -index 0
con
----------------End of Script----------------

13:40:08 INFO  : Launch script is exported to file 'C:\Users\Andrea\Desktop\SPIswitch\SPIswitch.sdk\.sdk\launch_scripts\xilinx_c-c++_application_(system_debugger)\system_debugger_using_debug_spiswitch.elf_on_local.tcl'
13:40:56 INFO  : Disconnected from the channel tcfchan#8.
