20:46:58 INFO  : Registering command handlers for SDK TCF services
20:46:59 INFO  : Launching XSCT server: xsct.bat -interactive C:\Users\Andrea\Desktop\SPIswitch\SPIswitch.sdk\temp_xsdb_launch_script.tcl
20:47:03 INFO  : XSCT server has started successfully.
20:47:07 INFO  : Successfully done setting XSCT server connection channel  
20:47:07 INFO  : Successfully done setting SDK workspace  
20:47:07 INFO  : Processing command line option -hwspec C:/Users/Andrea/Desktop/SPIswitch/SPIswitch.sdk/design_1_wrapper.hdf.
20:49:09 INFO  : 'targets -set -filter {jtag_cable_name =~ "Digilent Basys3 210183AA12C7A" && level==0} -index 0' command is executed.
20:49:09 INFO  : 'fpga -state' command is executed.
20:49:09 INFO  : Connected to target on host '127.0.0.1' and port '3121'.
20:49:09 INFO  : Jtag cable 'Digilent Basys3 210183AA12C7A' is selected.
20:49:09 INFO  : 'jtag frequency' command is executed.
20:49:09 INFO  : 'configparams mdm-detect-bscan-mask 2' command is executed.
20:49:09 INFO  : Context for processor 'microblaze_0' is selected.
20:49:09 INFO  : Processor reset is completed for 'microblaze_0'.
20:49:10 INFO  : Context for processor 'microblaze_0' is selected.
20:49:10 INFO  : The application 'C:/Users/Andrea/Desktop/SPIswitch/SPIswitch.sdk/SPISwitch/Debug/SPISwitch.elf' is downloaded to processor 'microblaze_0'.
20:49:10 INFO  : ----------------XSDB Script----------------
connect -url tcp:127.0.0.1:3121
configparams mdm-detect-bscan-mask 2
targets -set -nocase -filter {name =~ "microblaze*#0" && bscan=="USER2"  && jtag_cable_name =~ "Digilent Basys3 210183AA12C7A"} -index 0
rst -processor
targets -set -nocase -filter {name =~ "microblaze*#0" && bscan=="USER2"  && jtag_cable_name =~ "Digilent Basys3 210183AA12C7A"} -index 0
dow C:/Users/Andrea/Desktop/SPIswitch/SPIswitch.sdk/SPISwitch/Debug/SPISwitch.elf
----------------End of Script----------------

20:49:10 INFO  : Memory regions updated for context MicroBlaze #0
20:49:10 INFO  : Memory regions updated for context MicroBlaze #0
20:49:10 INFO  : Context for processor 'microblaze_0' is selected.
20:49:10 INFO  : 'con' command is executed.
20:49:10 INFO  : ----------------XSDB Script (After Launch)----------------
targets -set -nocase -filter {name =~ "microblaze*#0" && bscan=="USER2"  && jtag_cable_name =~ "Digilent Basys3 210183AA12C7A"} -index 0
con
----------------End of Script----------------

20:49:10 INFO  : Launch script is exported to file 'C:\Users\Andrea\Desktop\SPIswitch\SPIswitch.sdk\.sdk\launch_scripts\xilinx_c-c++_application_(system_debugger)\system_debugger_using_debug_spiswitch.elf_on_local.tcl'
20:49:30 INFO  : Connected to target on host '127.0.0.1' and port '3121'.
20:49:30 INFO  : 'targets -set -filter {jtag_cable_name =~ "Digilent Basys3 210183AA12C7A" && level==0} -index 0' command is executed.
20:49:31 INFO  : FPGA configured successfully with bitstream "C:/Users/Andrea/Desktop/SPIswitch/SPIswitch.sdk/design_1_wrapper_hw_platform_0/download.bit"
20:51:43 INFO  : Disconnected from the channel tcfchan#1.
20:51:44 INFO  : 'targets -set -filter {jtag_cable_name =~ "Digilent Basys3 210183AA12C7A" && level==0} -index 0' command is executed.
20:51:44 INFO  : 'fpga -state' command is executed.
20:51:44 INFO  : Connected to target on host '127.0.0.1' and port '3121'.
20:51:44 INFO  : Jtag cable 'Digilent Basys3 210183AA12C7A' is selected.
20:51:44 INFO  : 'jtag frequency' command is executed.
20:51:44 INFO  : 'configparams mdm-detect-bscan-mask 2' command is executed.
20:51:45 INFO  : Context for processor 'microblaze_0' is selected.
20:51:45 INFO  : Processor reset is completed for 'microblaze_0'.
20:51:45 INFO  : Context for processor 'microblaze_0' is selected.
20:51:45 INFO  : The application 'C:/Users/Andrea/Desktop/SPIswitch/SPIswitch.sdk/SPISwitch/Debug/SPISwitch.elf' is downloaded to processor 'microblaze_0'.
20:51:45 INFO  : ----------------XSDB Script----------------
connect -url tcp:127.0.0.1:3121
configparams mdm-detect-bscan-mask 2
targets -set -nocase -filter {name =~ "microblaze*#0" && bscan=="USER2"  && jtag_cable_name =~ "Digilent Basys3 210183AA12C7A"} -index 0
rst -processor
targets -set -nocase -filter {name =~ "microblaze*#0" && bscan=="USER2"  && jtag_cable_name =~ "Digilent Basys3 210183AA12C7A"} -index 0
dow C:/Users/Andrea/Desktop/SPIswitch/SPIswitch.sdk/SPISwitch/Debug/SPISwitch.elf
----------------End of Script----------------

20:51:45 INFO  : Memory regions updated for context MicroBlaze #0
20:51:45 INFO  : Memory regions updated for context MicroBlaze #0
20:51:45 INFO  : Context for processor 'microblaze_0' is selected.
20:51:45 INFO  : 'con' command is executed.
20:51:45 INFO  : ----------------XSDB Script (After Launch)----------------
targets -set -nocase -filter {name =~ "microblaze*#0" && bscan=="USER2"  && jtag_cable_name =~ "Digilent Basys3 210183AA12C7A"} -index 0
con
----------------End of Script----------------

20:51:45 INFO  : Launch script is exported to file 'C:\Users\Andrea\Desktop\SPIswitch\SPIswitch.sdk\.sdk\launch_scripts\xilinx_c-c++_application_(system_debugger)\system_debugger_using_debug_spiswitch.elf_on_local.tcl'
23:56:06 INFO  : Disconnected from the channel tcfchan#2.
